<?xml version="1.0" encoding="UTF-8"?>
<!-- Generated by org.testng.reporters.JUnitReportReporter -->
<testsuite skipped="0" hostname="nimbusclient" name="AOSTest" tests="1" failures="0" timestamp="23 Nov 2023 10:06:40 GMT" time="12.933" errors="0">
  <testcase name="login" time="12.933" classname="AOSTest"/>
</testsuite> <!-- AOSTest -->
